<?xml version="1.0" encoding="utf-8"?><testsuites><testsuite name="pytest" errors="0" failures="0" skipped="0" tests="4" time="0.710" timestamp="2020-12-07T11:31:49.831570" hostname="DESKTOP-DJIFPUV"><testcase classname="tests.test_home" name="test_home" time="0.367" /><testcase classname="tests.test_home" name="test_home2" time="0.057" /><testcase classname="tests.test_home" name="test_homenot" time="0.055" /><testcase classname="tests.test_predict" name="test_app" time="0.058" /></testsuite></testsuites>