<?xml version="1.0" encoding="utf-8"?><testsuites><testsuite name="pytest" errors="0" failures="0" skipped="0" tests="5" time="1.227" timestamp="2020-11-10T15:19:01.421075" hostname="DESKTOP-DJIFPUV"><testcase classname="tests.test_2" name="test_predictnot" time="0.018" /><testcase classname="tests.test_predict" name="test_app" time="0.002" /><testcase classname="tests.test_predict" name="test_predictnot" time="0.003" /><testcase classname="tests.test_predict" name="test_predictrandom" time="0.004" /><testcase classname="tests.test_predict" name="test_predict" time="0.004" /></testsuite></testsuites>