<?xml version="1.0" encoding="utf-8"?><testsuites><testsuite name="pytest" errors="0" failures="0" skipped="0" tests="4" time="1.153" timestamp="2020-11-10T15:08:19.539968" hostname="DESKTOP-DJIFPUV"><testcase classname="tests.test_2" name="test_predictnot" time="0.020" /><testcase classname="tests.test_predict" name="test_app" time="0.003" /><testcase classname="tests.test_predict" name="test_predictnot" time="0.005" /><testcase classname="tests.test_predict" name="test_predict" time="0.006" /></testsuite></testsuites>