<?xml version="1.0" encoding="utf-8"?><testsuites><testsuite name="pytest" errors="0" failures="0" skipped="0" tests="4" time="0.262" timestamp="2020-11-10T14:41:59.760806" hostname="DESKTOP-DJIFPUV"><testcase classname="tests.test_2" name="test_predictnot" time="0.023" /><testcase classname="tests.test_predict" name="test_app" time="0.002" /><testcase classname="tests.test_predict" name="test_predictnot" time="0.004" /><testcase classname="tests.test_predict" name="test_predict" time="0.005" /></testsuite></testsuites>